ARM GAS  /tmp/ccv25wVB.s 			page 1


   1              		.cpu cortex-m4
   2              		.eabi_attribute 27, 1
   3              		.eabi_attribute 28, 1
   4              		.eabi_attribute 20, 1
   5              		.eabi_attribute 21, 1
   6              		.eabi_attribute 23, 3
   7              		.eabi_attribute 24, 1
   8              		.eabi_attribute 25, 1
   9              		.eabi_attribute 26, 1
  10              		.eabi_attribute 30, 1
  11              		.eabi_attribute 34, 1
  12              		.eabi_attribute 18, 4
  13              		.file	"Log.c"
  14              		.text
  15              	.Ltext0:
  16              		.cfi_sections	.debug_frame
  17              		.section	.text.Log_c,"ax",%progbits
  18              		.align	1
  19              		.global	Log_c
  20              		.arch armv7e-m
  21              		.syntax unified
  22              		.thumb
  23              		.thumb_func
  24              		.fpu fpv4-sp-d16
  26              	Log_c:
  27              	.LFB140:
  28              		.file 1 "src/Log.c"
   1:src/Log.c     **** #include "Log.h"
   2:src/Log.c     **** 
   3:src/Log.c     **** /************************************** Display integer *****************************************/
   4:src/Log.c     **** void Log_i(uint32_t data_Tx)
   5:src/Log.c     **** {
   6:src/Log.c     ****     char string[10];
   7:src/Log.c     ****     sprintf(string, "%lX", data_Tx);
   8:src/Log.c     ****     Log_s(string);
   9:src/Log.c     **** }
  10:src/Log.c     **** 
  11:src/Log.c     **** /************************************** Display pointer *****************************************/
  12:src/Log.c     **** void Log_p(uint32_t* data_Tx)
  13:src/Log.c     **** {
  14:src/Log.c     ****     char string[10];
  15:src/Log.c     ****     sprintf(string, "%lX", (uint32_t)data_Tx);
  16:src/Log.c     ****     Log_s(string);
  17:src/Log.c     **** }
  18:src/Log.c     **** 
  19:src/Log.c     **** /*************************************** Display string *****************************************/
  20:src/Log.c     **** void Log_s(char* data_Tx)
  21:src/Log.c     **** {
  22:src/Log.c     ****     while (*data_Tx)
  23:src/Log.c     ****     {
  24:src/Log.c     ****         Log_c(*data_Tx);
  25:src/Log.c     ****         data_Tx++;
  26:src/Log.c     ****     }
  27:src/Log.c     ****     Log_c('\n');
  28:src/Log.c     ****     Log_c('\r');
  29:src/Log.c     **** }
  30:src/Log.c     **** 
ARM GAS  /tmp/ccv25wVB.s 			page 2


  31:src/Log.c     **** /*************************************** Display char ******************************************/
  32:src/Log.c     **** void Log_c(uint8_t Tx_data)
  33:src/Log.c     **** {
  29              		.loc 1 33 1 view -0
  30              		.cfi_startproc
  31              		@ args = 0, pretend = 0, frame = 0
  32              		@ frame_needed = 0, uses_anonymous_args = 0
  33              		@ link register save eliminated.
  34              	.LVL0:
  35              	.L2:
  34:src/Log.c     ****     while (!(USART1->SR & USART_SR_TXE));
  36              		.loc 1 34 41 discriminator 1 view .LVU1
  37              		.loc 1 34 11 discriminator 1 view .LVU2
  38              		.loc 1 34 20 is_stmt 0 discriminator 1 view .LVU3
  39 0000 034B     		ldr	r3, .L3
  40 0002 1B68     		ldr	r3, [r3]
  41              		.loc 1 34 11 discriminator 1 view .LVU4
  42 0004 13F0800F 		tst	r3, #128
  43 0008 FAD0     		beq	.L2
  35:src/Log.c     **** 
  36:src/Log.c     ****     USART1->DR = Tx_data;
  44              		.loc 1 36 5 is_stmt 1 view .LVU5
  45              		.loc 1 36 16 is_stmt 0 view .LVU6
  46 000a 014B     		ldr	r3, .L3
  47 000c 5860     		str	r0, [r3, #4]
  37:src/Log.c     **** }
  48              		.loc 1 37 1 view .LVU7
  49 000e 7047     		bx	lr
  50              	.L4:
  51              		.align	2
  52              	.L3:
  53 0010 00100140 		.word	1073811456
  54              		.cfi_endproc
  55              	.LFE140:
  57              		.section	.text.Log_s,"ax",%progbits
  58              		.align	1
  59              		.global	Log_s
  60              		.syntax unified
  61              		.thumb
  62              		.thumb_func
  63              		.fpu fpv4-sp-d16
  65              	Log_s:
  66              	.LVL1:
  67              	.LFB139:
  21:src/Log.c     ****     while (*data_Tx)
  68              		.loc 1 21 1 is_stmt 1 view -0
  69              		.cfi_startproc
  70              		@ args = 0, pretend = 0, frame = 0
  71              		@ frame_needed = 0, uses_anonymous_args = 0
  21:src/Log.c     ****     while (*data_Tx)
  72              		.loc 1 21 1 is_stmt 0 view .LVU9
  73 0000 10B5     		push	{r4, lr}
  74              	.LCFI0:
  75              		.cfi_def_cfa_offset 8
  76              		.cfi_offset 4, -8
  77              		.cfi_offset 14, -4
  78 0002 0446     		mov	r4, r0
ARM GAS  /tmp/ccv25wVB.s 			page 3


  22:src/Log.c     ****     {
  79              		.loc 1 22 5 is_stmt 1 view .LVU10
  22:src/Log.c     ****     {
  80              		.loc 1 22 11 is_stmt 0 view .LVU11
  81 0004 02E0     		b	.L6
  82              	.LVL2:
  83              	.L7:
  24:src/Log.c     ****         data_Tx++;
  84              		.loc 1 24 9 is_stmt 1 view .LVU12
  85 0006 FFF7FEFF 		bl	Log_c
  86              	.LVL3:
  25:src/Log.c     ****     }
  87              		.loc 1 25 9 view .LVU13
  25:src/Log.c     ****     }
  88              		.loc 1 25 16 is_stmt 0 view .LVU14
  89 000a 0134     		adds	r4, r4, #1
  90              	.LVL4:
  91              	.L6:
  22:src/Log.c     ****     {
  92              		.loc 1 22 11 is_stmt 1 view .LVU15
  22:src/Log.c     ****     {
  93              		.loc 1 22 12 is_stmt 0 view .LVU16
  94 000c 2078     		ldrb	r0, [r4]	@ zero_extendqisi2
  22:src/Log.c     ****     {
  95              		.loc 1 22 11 view .LVU17
  96 000e 0028     		cmp	r0, #0
  97 0010 F9D1     		bne	.L7
  27:src/Log.c     ****     Log_c('\r');
  98              		.loc 1 27 5 is_stmt 1 view .LVU18
  99 0012 0A20     		movs	r0, #10
 100 0014 FFF7FEFF 		bl	Log_c
 101              	.LVL5:
  28:src/Log.c     **** }
 102              		.loc 1 28 5 view .LVU19
 103 0018 0D20     		movs	r0, #13
 104 001a FFF7FEFF 		bl	Log_c
 105              	.LVL6:
  29:src/Log.c     **** 
 106              		.loc 1 29 1 is_stmt 0 view .LVU20
 107 001e 10BD     		pop	{r4, pc}
  29:src/Log.c     **** 
 108              		.loc 1 29 1 view .LVU21
 109              		.cfi_endproc
 110              	.LFE139:
 112              		.section	.rodata.Log_i.str1.4,"aMS",%progbits,1
 113              		.align	2
 114              	.LC0:
 115 0000 256C5800 		.ascii	"%lX\000"
 116              		.section	.text.Log_i,"ax",%progbits
 117              		.align	1
 118              		.global	Log_i
 119              		.syntax unified
 120              		.thumb
 121              		.thumb_func
 122              		.fpu fpv4-sp-d16
 124              	Log_i:
 125              	.LVL7:
ARM GAS  /tmp/ccv25wVB.s 			page 4


 126              	.LFB137:
   5:src/Log.c     ****     char string[10];
 127              		.loc 1 5 1 is_stmt 1 view -0
 128              		.cfi_startproc
 129              		@ args = 0, pretend = 0, frame = 16
 130              		@ frame_needed = 0, uses_anonymous_args = 0
   5:src/Log.c     ****     char string[10];
 131              		.loc 1 5 1 is_stmt 0 view .LVU23
 132 0000 00B5     		push	{lr}
 133              	.LCFI1:
 134              		.cfi_def_cfa_offset 4
 135              		.cfi_offset 14, -4
 136 0002 85B0     		sub	sp, sp, #20
 137              	.LCFI2:
 138              		.cfi_def_cfa_offset 24
 139 0004 0246     		mov	r2, r0
   6:src/Log.c     ****     sprintf(string, "%lX", data_Tx);
 140              		.loc 1 6 5 is_stmt 1 view .LVU24
   7:src/Log.c     ****     Log_s(string);
 141              		.loc 1 7 5 view .LVU25
 142 0006 0549     		ldr	r1, .L11
 143 0008 01A8     		add	r0, sp, #4
 144              	.LVL8:
   7:src/Log.c     ****     Log_s(string);
 145              		.loc 1 7 5 is_stmt 0 view .LVU26
 146 000a FFF7FEFF 		bl	sprintf
 147              	.LVL9:
   8:src/Log.c     **** }
 148              		.loc 1 8 5 is_stmt 1 view .LVU27
 149 000e 01A8     		add	r0, sp, #4
 150 0010 FFF7FEFF 		bl	Log_s
 151              	.LVL10:
   9:src/Log.c     **** 
 152              		.loc 1 9 1 is_stmt 0 view .LVU28
 153 0014 05B0     		add	sp, sp, #20
 154              	.LCFI3:
 155              		.cfi_def_cfa_offset 4
 156              		@ sp needed
 157 0016 5DF804FB 		ldr	pc, [sp], #4
 158              	.L12:
 159 001a 00BF     		.align	2
 160              	.L11:
 161 001c 00000000 		.word	.LC0
 162              		.cfi_endproc
 163              	.LFE137:
 165              		.section	.text.Log_p,"ax",%progbits
 166              		.align	1
 167              		.global	Log_p
 168              		.syntax unified
 169              		.thumb
 170              		.thumb_func
 171              		.fpu fpv4-sp-d16
 173              	Log_p:
 174              	.LVL11:
 175              	.LFB138:
  13:src/Log.c     ****     char string[10];
 176              		.loc 1 13 1 is_stmt 1 view -0
ARM GAS  /tmp/ccv25wVB.s 			page 5


 177              		.cfi_startproc
 178              		@ args = 0, pretend = 0, frame = 16
 179              		@ frame_needed = 0, uses_anonymous_args = 0
  13:src/Log.c     ****     char string[10];
 180              		.loc 1 13 1 is_stmt 0 view .LVU30
 181 0000 00B5     		push	{lr}
 182              	.LCFI4:
 183              		.cfi_def_cfa_offset 4
 184              		.cfi_offset 14, -4
 185 0002 85B0     		sub	sp, sp, #20
 186              	.LCFI5:
 187              		.cfi_def_cfa_offset 24
 188 0004 0246     		mov	r2, r0
  14:src/Log.c     ****     sprintf(string, "%lX", (uint32_t)data_Tx);
 189              		.loc 1 14 5 is_stmt 1 view .LVU31
  15:src/Log.c     ****     Log_s(string);
 190              		.loc 1 15 5 view .LVU32
 191 0006 0549     		ldr	r1, .L15
 192 0008 01A8     		add	r0, sp, #4
 193              	.LVL12:
  15:src/Log.c     ****     Log_s(string);
 194              		.loc 1 15 5 is_stmt 0 view .LVU33
 195 000a FFF7FEFF 		bl	sprintf
 196              	.LVL13:
  16:src/Log.c     **** }
 197              		.loc 1 16 5 is_stmt 1 view .LVU34
 198 000e 01A8     		add	r0, sp, #4
 199 0010 FFF7FEFF 		bl	Log_s
 200              	.LVL14:
  17:src/Log.c     **** 
 201              		.loc 1 17 1 is_stmt 0 view .LVU35
 202 0014 05B0     		add	sp, sp, #20
 203              	.LCFI6:
 204              		.cfi_def_cfa_offset 4
 205              		@ sp needed
 206 0016 5DF804FB 		ldr	pc, [sp], #4
 207              	.L16:
 208 001a 00BF     		.align	2
 209              	.L15:
 210 001c 00000000 		.word	.LC0
 211              		.cfi_endproc
 212              	.LFE138:
 214              		.section	.text.Log_init,"ax",%progbits
 215              		.align	1
 216              		.global	Log_init
 217              		.syntax unified
 218              		.thumb
 219              		.thumb_func
 220              		.fpu fpv4-sp-d16
 222              	Log_init:
 223              	.LFB141:
  38:src/Log.c     **** 
  39:src/Log.c     **** 
  40:src/Log.c     **** /*************************************** Initialize *******************************************/
  41:src/Log.c     **** void Log_init()
  42:src/Log.c     **** {
 224              		.loc 1 42 1 is_stmt 1 view -0
ARM GAS  /tmp/ccv25wVB.s 			page 6


 225              		.cfi_startproc
 226              		@ args = 0, pretend = 0, frame = 0
 227              		@ frame_needed = 0, uses_anonymous_args = 0
 228              		@ link register save eliminated.
  43:src/Log.c     ****     RCC->AHB1ENR |= 1;                      // enable gpio port A clock
 229              		.loc 1 43 5 view .LVU37
 230              		.loc 1 43 18 is_stmt 0 view .LVU38
 231 0000 154A     		ldr	r2, .L18
 232 0002 136B     		ldr	r3, [r2, #48]
 233 0004 43F00103 		orr	r3, r3, #1
 234 0008 1363     		str	r3, [r2, #48]
  44:src/Log.c     **** 
  45:src/Log.c     ****     GPIOA->MODER |= (0xA << 18);            // mode as alternate function 
 235              		.loc 1 45 5 is_stmt 1 view .LVU39
 236              		.loc 1 45 18 is_stmt 0 view .LVU40
 237 000a 144B     		ldr	r3, .L18+4
 238 000c 1968     		ldr	r1, [r3]
 239 000e 41F42011 		orr	r1, r1, #2621440
 240 0012 1960     		str	r1, [r3]
  46:src/Log.c     ****     GPIOA->OSPEEDR |= (0xA << 18);          // high speed mode
 241              		.loc 1 46 5 is_stmt 1 view .LVU41
 242              		.loc 1 46 20 is_stmt 0 view .LVU42
 243 0014 9968     		ldr	r1, [r3, #8]
 244 0016 41F42011 		orr	r1, r1, #2621440
 245 001a 9960     		str	r1, [r3, #8]
  47:src/Log.c     ****     GPIOA->AFR[1] |= (0x77 << 4);           // AF7 for UART 1
 246              		.loc 1 47 5 is_stmt 1 view .LVU43
 247              		.loc 1 47 19 is_stmt 0 view .LVU44
 248 001c 596A     		ldr	r1, [r3, #36]
 249 001e 41F4EE61 		orr	r1, r1, #1904
 250 0022 5962     		str	r1, [r3, #36]
  48:src/Log.c     **** 
  49:src/Log.c     ****     // Enable UART clock
  50:src/Log.c     ****     RCC->APB2ENR |= 0x00000010;             // USART 1 clock enable
 251              		.loc 1 50 5 is_stmt 1 view .LVU45
 252              		.loc 1 50 18 is_stmt 0 view .LVU46
 253 0024 536C     		ldr	r3, [r2, #68]
 254 0026 43F01003 		orr	r3, r3, #16
 255 002a 5364     		str	r3, [r2, #68]
  51:src/Log.c     **** 
  52:src/Log.c     ****     // enable UE
  53:src/Log.c     ****     USART1->CR1 |= 0x00002000;
 256              		.loc 1 53 5 is_stmt 1 view .LVU47
 257              		.loc 1 53 17 is_stmt 0 view .LVU48
 258 002c 0C4B     		ldr	r3, .L18+8
 259 002e DA68     		ldr	r2, [r3, #12]
 260 0030 42F40052 		orr	r2, r2, #8192
 261 0034 DA60     		str	r2, [r3, #12]
  54:src/Log.c     **** 
  55:src/Log.c     ****     // Configure number stop bit
  56:src/Log.c     ****     USART1->CR2 &= ~USART_CR2_STOP;         // 1 stop bit
 262              		.loc 1 56 5 is_stmt 1 view .LVU49
 263              		.loc 1 56 17 is_stmt 0 view .LVU50
 264 0036 1A69     		ldr	r2, [r3, #16]
 265 0038 22F44052 		bic	r2, r2, #12288
 266 003c 1A61     		str	r2, [r3, #16]
  57:src/Log.c     **** 
ARM GAS  /tmp/ccv25wVB.s 			page 7


  58:src/Log.c     ****     // Configure stop bit
  59:src/Log.c     ****     USART1->CR2 |= 0x00003000;              // 1 stop bit
 267              		.loc 1 59 5 is_stmt 1 view .LVU51
 268              		.loc 1 59 17 is_stmt 0 view .LVU52
 269 003e 1A69     		ldr	r2, [r3, #16]
 270 0040 42F44052 		orr	r2, r2, #12288
 271 0044 1A61     		str	r2, [r3, #16]
  60:src/Log.c     **** 
  61:src/Log.c     ****     // Baud rate
  62:src/Log.c     ****     USART1->BRR = (PERIPHERAL_CLK/9600) + 1;
 272              		.loc 1 62 5 is_stmt 1 view .LVU53
 273              		.loc 1 62 17 is_stmt 0 view .LVU54
 274 0046 41F21812 		movw	r2, #4376
 275 004a 9A60     		str	r2, [r3, #8]
  63:src/Log.c     **** 
  64:src/Log.c     ****     // Configure UART mode
  65:src/Log.c     ****     USART1->CR1 |= 0x00000008;              // enable Tx
 276              		.loc 1 65 5 is_stmt 1 view .LVU55
 277              		.loc 1 65 17 is_stmt 0 view .LVU56
 278 004c DA68     		ldr	r2, [r3, #12]
 279 004e 42F00802 		orr	r2, r2, #8
 280 0052 DA60     		str	r2, [r3, #12]
  66:src/Log.c     **** }...
 281              		.loc 1 66 1 view .LVU57
 282 0054 7047     		bx	lr
 283              	.L19:
 284 0056 00BF     		.align	2
 285              	.L18:
 286 0058 00380240 		.word	1073887232
 287 005c 00000240 		.word	1073872896
 288 0060 00100140 		.word	1073811456
 289              		.cfi_endproc
 290              	.LFE141:
 292              		.text
 293              	.Letext0:
 294              		.file 2 "/usr/include/newlib/machine/_default_types.h"
 295              		.file 3 "/usr/include/newlib/sys/_stdint.h"
 296              		.file 4 "driver/Device/stm32f401xc.h"
 297              		.file 5 "/usr/include/newlib/stdio.h"
ARM GAS  /tmp/ccv25wVB.s 			page 8


DEFINED SYMBOLS
                            *ABS*:0000000000000000 Log.c
     /tmp/ccv25wVB.s:18     .text.Log_c:0000000000000000 $t
     /tmp/ccv25wVB.s:26     .text.Log_c:0000000000000000 Log_c
     /tmp/ccv25wVB.s:53     .text.Log_c:0000000000000010 $d
     /tmp/ccv25wVB.s:58     .text.Log_s:0000000000000000 $t
     /tmp/ccv25wVB.s:65     .text.Log_s:0000000000000000 Log_s
     /tmp/ccv25wVB.s:113    .rodata.Log_i.str1.4:0000000000000000 $d
     /tmp/ccv25wVB.s:117    .text.Log_i:0000000000000000 $t
     /tmp/ccv25wVB.s:124    .text.Log_i:0000000000000000 Log_i
     /tmp/ccv25wVB.s:161    .text.Log_i:000000000000001c $d
     /tmp/ccv25wVB.s:166    .text.Log_p:0000000000000000 $t
     /tmp/ccv25wVB.s:173    .text.Log_p:0000000000000000 Log_p
     /tmp/ccv25wVB.s:210    .text.Log_p:000000000000001c $d
     /tmp/ccv25wVB.s:215    .text.Log_init:0000000000000000 $t
     /tmp/ccv25wVB.s:222    .text.Log_init:0000000000000000 Log_init
     /tmp/ccv25wVB.s:286    .text.Log_init:0000000000000058 $d

UNDEFINED SYMBOLS
sprintf
