ARM GAS  /tmp/cc2Mpywt.s 			page 1


   1              		.cpu cortex-m4
   2              		.eabi_attribute 27, 1
   3              		.eabi_attribute 28, 1
   4              		.eabi_attribute 20, 1
   5              		.eabi_attribute 21, 1
   6              		.eabi_attribute 23, 3
   7              		.eabi_attribute 24, 1
   8              		.eabi_attribute 25, 1
   9              		.eabi_attribute 26, 1
  10              		.eabi_attribute 30, 1
  11              		.eabi_attribute 34, 1
  12              		.eabi_attribute 18, 4
  13              		.file	"system_stm32f401.c"
  14              		.text
  15              	.Ltext0:
  16              		.cfi_sections	.debug_frame
  17              		.section	.text.SystemInit,"ax",%progbits
  18              		.align	1
  19              		.global	SystemInit
  20              		.arch armv7e-m
  21              		.syntax unified
  22              		.thumb
  23              		.thumb_func
  24              		.fpu fpv4-sp-d16
  26              	SystemInit:
  27              	.LFB134:
  28              		.file 1 "src/system_stm32f401.c"
   1:src/system_stm32f401.c **** #include "main.h"
   2:src/system_stm32f401.c **** 
   3:src/system_stm32f401.c **** void SystemInit(void)
   4:src/system_stm32f401.c **** {
  29              		.loc 1 4 1 view -0
  30              		.cfi_startproc
  31              		@ args = 0, pretend = 0, frame = 0
  32              		@ frame_needed = 0, uses_anonymous_args = 0
  33              		@ link register save eliminated.
   5:src/system_stm32f401.c ****                                     // timer configuration for delay
   6:src/system_stm32f401.c **** }
  34              		.loc 1 6 1 view .LVU1
  35 0000 7047     		bx	lr
  36              		.cfi_endproc
  37              	.LFE134:
  39              		.section	.text.SystemCoreClockUpdate,"ax",%progbits
  40              		.align	1
  41              		.global	SystemCoreClockUpdate
  42              		.syntax unified
  43              		.thumb
  44              		.thumb_func
  45              		.fpu fpv4-sp-d16
  47              	SystemCoreClockUpdate:
  48              	.LFB135:
   7:src/system_stm32f401.c **** 
   8:src/system_stm32f401.c **** void SystemCoreClockUpdate(void)
   9:src/system_stm32f401.c **** {
  49              		.loc 1 9 1 view -0
  50              		.cfi_startproc
  51              		@ args = 0, pretend = 0, frame = 0
ARM GAS  /tmp/cc2Mpywt.s 			page 2


  52              		@ frame_needed = 0, uses_anonymous_args = 0
  53              		@ link register save eliminated.
  10:src/system_stm32f401.c **** 
  11:src/system_stm32f401.c **** }...
  54              		.loc 1 11 1 view .LVU3
  55 0000 7047     		bx	lr
  56              		.cfi_endproc
  57              	.LFE135:
  59              		.text
  60              	.Letext0:
ARM GAS  /tmp/cc2Mpywt.s 			page 3


DEFINED SYMBOLS
                            *ABS*:0000000000000000 system_stm32f401.c
     /tmp/cc2Mpywt.s:18     .text.SystemInit:0000000000000000 $t
     /tmp/cc2Mpywt.s:26     .text.SystemInit:0000000000000000 SystemInit
     /tmp/cc2Mpywt.s:40     .text.SystemCoreClockUpdate:0000000000000000 $t
     /tmp/cc2Mpywt.s:47     .text.SystemCoreClockUpdate:0000000000000000 SystemCoreClockUpdate

NO UNDEFINED SYMBOLS
